<?xml version="1.0" encoding="UTF-8"?>
<!DOCTYPE coverage SYSTEM "http://cobertura.sourceforge.net/xml/coverage-04.dtd">
<coverage line-rate="0.07611833" branch-rate="0" lines-covered="211" lines-valid="2772" branches-covered="0" branches-valid="0" complexity="0" version="" timestamp="1553816108517">
	<packages>
		<package name="github.com/udistrital/titan_api_crud" line-rate="0.6666667" branch-rate="0" complexity="0" line-count="9" line-hits="6">
			<classes>
				<class name="-" filename="main.go" line-rate="0.6666667" branch-rate="0" complexity="0" line-count="9" line-hits="6">
					<methods>
						<method name="test" signature="" line-rate="1" branch-rate="0" complexity="0" line-count="0" line-hits="0">
							<lines>
								<line number="14" hits="1"></line>
								<line number="15" hits="1"></line>
								<line number="16" hits="1"></line>
								<line number="17" hits="1"></line>
							</lines>
						</method>
						<method name="init" signature="" line-rate="1" branch-rate="0" complexity="0" line-count="0" line-hits="0">
							<lines>
								<line number="22" hits="1"></line>
								<line number="23" hits="1"></line>
							</lines>
						</method>
						<method name="main" signature="" line-rate="0" branch-rate="0" complexity="0" line-count="0" line-hits="0">
							<lines>
								<line number="38" hits="0"></line>
								<line number="39" hits="0"></line>
								<line number="40" hits="0"></line>
							</lines>
						</method>
					</methods>
					<lines>
						<line number="14" hits="1"></line>
						<line number="15" hits="1"></line>
						<line number="16" hits="1"></line>
						<line number="17" hits="1"></line>
						<line number="22" hits="1"></line>
						<line number="23" hits="1"></line>
						<line number="38" hits="0"></line>
						<line number="39" hits="0"></line>
						<line number="40" hits="0"></line>
					</lines>
				</class>
			</classes>
		</package>
		<package name="github.com/udistrital/titan_api_crud/controllers" line-rate="0.0019508388" branch-rate="0" complexity="0" line-count="2563" line-hits="5">
			<classes>
				<class name="DepartamentoController" filename="controllers/departamento.go" line-rate="0" branch-rate="0" complexity="0" line-count="65" line-hits="0">
					<methods>
						<method name="URLMapping" signature="" line-rate="0" branch-rate="0" complexity="0" line-count="0" line-hits="0">
							<lines>
								<line number="20" hits="0"></line>
								<line number="21" hits="0"></line>
								<line number="22" hits="0"></line>
								<line number="23" hits="0"></line>
								<line number="24" hits="0"></line>
							</lines>
						</method>
						<method name="Post" signature="" line-rate="0" branch-rate="0" complexity="0" line-count="0" line-hits="0">
							<lines>
								<line number="35" hits="0"></line>
								<line number="36" hits="0"></line>
								<line number="37" hits="0"></line>
								<line number="38" hits="0"></line>
								<line number="39" hits="0"></line>
								<line number="41" hits="0"></line>
								<line number="44" hits="0"></line>
								<line number="46" hits="0"></line>
							</lines>
						</method>
						<method name="GetOne" signature="" line-rate="0" branch-rate="0" complexity="0" line-count="0" line-hits="0">
							<lines>
								<line number="57" hits="0"></line>
								<line number="58" hits="0"></line>
								<line number="59" hits="0"></line>
								<line number="60" hits="0"></line>
								<line number="61" hits="0"></line>
								<line number="63" hits="0"></line>
								<line number="65" hits="0"></line>
							</lines>
						</method>
						<method name="GetAll" signature="" line-rate="0" branch-rate="0" complexity="0" line-count="0" line-hits="0">
							<lines>
								<line number="81" hits="0"></line>
								<line number="82" hits="0"></line>
								<line number="83" hits="0"></line>
								<line number="84" hits="0"></line>
								<line number="85" hits="0"></line>
								<line number="86" hits="0"></line>
								<line number="89" hits="0"></line>
								<line number="90" hits="0"></line>
								<line number="93" hits="0"></line>
								<line number="94" hits="0"></line>
								<line number="97" hits="0"></line>
								<line number="98" hits="0"></line>
								<line number="101" hits="0"></line>
								<line number="102" hits="0"></line>
								<line number="105" hits="0"></line>
								<line number="106" hits="0"></line>
								<line number="109" hits="0"></line>
								<line number="110" hits="0"></line>
								<line number="111" hits="0"></line>
								<line number="112" hits="0"></line>
								<line number="113" hits="0"></line>
								<line number="114" hits="0"></line>
								<line number="115" hits="0"></line>
								<line number="117" hits="0"></line>
								<line number="118" hits="0"></line>
								<line number="122" hits="0"></line>
								<line number="123" hits="0"></line>
								<line number="124" hits="0"></line>
								<line number="126" hits="0"></line>
								<line number="128" hits="0"></line>
							</lines>
						</method>
						<method name="Put" signature="" line-rate="0" branch-rate="0" complexity="0" line-count="0" line-hits="0">
							<lines>
								<line number="140" hits="0"></line>
								<line number="141" hits="0"></line>
								<line number="142" hits="0"></line>
								<line number="143" hits="0"></line>
								<line number="144" hits="0"></line>
								<line number="145" hits="0"></line>
								<line number="147" hits="0"></line>
								<line number="150" hits="0"></line>
								<line number="152" hits="0"></line>
							</lines>
						</method>
						<method name="Delete" signature="" line-rate="0" branch-rate="0" complexity="0" line-count="0" line-hits="0">
							<lines>
								<line number="163" hits="0"></line>
								<line number="164" hits="0"></line>
								<line number="165" hits="0"></line>
								<line number="166" hits="0"></line>
								<line number="168" hits="0"></line>
								<line number="170" hits="0"></line>
							</lines>
						</method>
					</methods>
					<lines>
						<line number="20" hits="0"></line>
						<line number="21" hits="0"></line>
						<line number="22" hits="0"></line>
						<line number="23" hits="0"></line>
						<line number="24" hits="0"></line>
						<line number="35" hits="0"></line>
						<line number="36" hits="0"></line>
						<line number="37" hits="0"></line>
						<line number="38" hits="0"></line>
						<line number="39" hits="0"></line>
						<line number="41" hits="0"></line>
						<line number="44" hits="0"></line>
						<line number="46" hits="0"></line>
						<line number="57" hits="0"></line>
						<line number="58" hits="0"></line>
						<line number="59" hits="0"></line>
						<line number="60" hits="0"></line>
						<line number="61" hits="0"></line>
						<line number="63" hits="0"></line>
						<line number="65" hits="0"></line>
						<line number="81" hits="0"></line>
						<line number="82" hits="0"></line>
						<line number="83" hits="0"></line>
						<line number="84" hits="0"></line>
						<line number="85" hits="0"></line>
						<line number="86" hits="0"></line>
						<line number="89" hits="0"></line>
						<line number="90" hits="0"></line>
						<line number="93" hits="0"></line>
						<line number="94" hits="0"></line>
						<line number="97" hits="0"></line>
						<line number="98" hits="0"></line>
						<line number="101" hits="0"></line>
						<line number="102" hits="0"></line>
						<line number="105" hits="0"></line>
						<line number="106" hits="0"></line>
						<line number="109" hits="0"></line>
						<line number="110" hits="0"></line>
						<line number="111" hits="0"></line>
						<line number="112" hits="0"></line>
						<line number="113" hits="0"></line>
						<line number="114" hits="0"></line>
						<line number="115" hits="0"></line>
						<line number="117" hits="0"></line>
						<line number="118" hits="0"></line>
						<line number="122" hits="0"></line>
						<line number="123" hits="0"></line>
						<line number="124" hits="0"></line>
						<line number="126" hits="0"></line>
						<line number="128" hits="0"></line>
						<line number="140" hits="0"></line>
						<line number="141" hits="0"></line>
						<line number="142" hits="0"></line>
						<line number="143" hits="0"></line>
						<line number="144" hits="0"></line>
						<line number="145" hits="0"></line>
						<line number="147" hits="0"></line>
						<line number="150" hits="0"></line>
						<line number="152" hits="0"></line>
						<line number="163" hits="0"></line>
						<line number="164" hits="0"></line>
						<line number="165" hits="0"></line>
						<line number="166" hits="0"></line>
						<line number="168" hits="0"></line>
						<line number="170" hits="0"></line>
					</lines>
				</class>
				<class name="FuncionarioProveedorController" filename="controllers/funcionario_proveedor.go" line-rate="0" branch-rate="0" complexity="0" line-count="12" line-hits="0">
					<methods>
						<method name="URLMapping" signature="" line-rate="0" branch-rate="0" complexity="0" line-count="0" line-hits="0">
							<lines>
								<line number="22" hits="0"></line>
							</lines>
						</method>
						<method name="ConsultarIDProveedor" signature="" line-rate="0" branch-rate="0" complexity="0" line-count="0" line-hits="0">
							<lines>
								<line number="28" hits="0"></line>
								<line number="29" hits="0"></line>
								<line number="33" hits="0"></line>
								<line number="34" hits="0"></line>
								<line number="36" hits="0"></line>
							</lines>
						</method>
						<method name="GetIdProveedorXFuncionario" signature="" line-rate="0" branch-rate="0" complexity="0" line-count="0" line-hits="0">
							<lines>
								<line number="47" hits="0"></line>
								<line number="49" hits="0"></line>
								<line number="50" hits="0"></line>
								<line number="51" hits="0"></line>
								<line number="53" hits="0"></line>
								<line number="57" hits="0"></line>
							</lines>
						</method>
					</methods>
					<lines>
						<line number="22" hits="0"></line>
						<line number="28" hits="0"></line>
						<line number="29" hits="0"></line>
						<line number="33" hits="0"></line>
						<line number="34" hits="0"></line>
						<line number="36" hits="0"></line>
						<line number="47" hits="0"></line>
						<line number="49" hits="0"></line>
						<line number="50" hits="0"></line>
						<line number="51" hits="0"></line>
						<line number="53" hits="0"></line>
						<line number="57" hits="0"></line>
					</lines>
				</class>
				<class name="ResolucionController" filename="controllers/resolucion.go" line-rate="0" branch-rate="0" complexity="0" line-count="65" line-hits="0">
					<methods>
						<method name="URLMapping" signature="" line-rate="0" branch-rate="0" complexity="0" line-count="0" line-hits="0">
							<lines>
								<line number="20" hits="0"></line>
								<line number="21" hits="0"></line>
								<line number="22" hits="0"></line>
								<line number="23" hits="0"></line>
								<line number="24" hits="0"></line>
							</lines>
						</method>
						<method name="Post" signature="" line-rate="0" branch-rate="0" complexity="0" line-count="0" line-hits="0">
							<lines>
								<line number="35" hits="0"></line>
								<line number="36" hits="0"></line>
								<line number="37" hits="0"></line>
								<line number="38" hits="0"></line>
								<line number="39" hits="0"></line>
								<line number="41" hits="0"></line>
								<line number="44" hits="0"></line>
								<line number="46" hits="0"></line>
							</lines>
						</method>
						<method name="GetOne" signature="" line-rate="0" branch-rate="0" complexity="0" line-count="0" line-hits="0">
							<lines>
								<line number="57" hits="0"></line>
								<line number="58" hits="0"></line>
								<line number="59" hits="0"></line>
								<line number="60" hits="0"></line>
								<line number="61" hits="0"></line>
								<line number="63" hits="0"></line>
								<line number="65" hits="0"></line>
							</lines>
						</method>
						<method name="GetAll" signature="" line-rate="0" branch-rate="0" complexity="0" line-count="0" line-hits="0">
							<lines>
								<line number="81" hits="0"></line>
								<line number="82" hits="0"></line>
								<line number="83" hits="0"></line>
								<line number="84" hits="0"></line>
								<line number="85" hits="0"></line>
								<line number="86" hits="0"></line>
								<line number="89" hits="0"></line>
								<line number="90" hits="0"></line>
								<line number="93" hits="0"></line>
								<line number="94" hits="0"></line>
								<line number="97" hits="0"></line>
								<line number="98" hits="0"></line>
								<line number="101" hits="0"></line>
								<line number="102" hits="0"></line>
								<line number="105" hits="0"></line>
								<line number="106" hits="0"></line>
								<line number="109" hits="0"></line>
								<line number="110" hits="0"></line>
								<line number="111" hits="0"></line>
								<line number="112" hits="0"></line>
								<line number="113" hits="0"></line>
								<line number="114" hits="0"></line>
								<line number="115" hits="0"></line>
								<line number="117" hits="0"></line>
								<line number="118" hits="0"></line>
								<line number="122" hits="0"></line>
								<line number="123" hits="0"></line>
								<line number="124" hits="0"></line>
								<line number="126" hits="0"></line>
								<line number="128" hits="0"></line>
							</lines>
						</method>
						<method name="Put" signature="" line-rate="0" branch-rate="0" complexity="0" line-count="0" line-hits="0">
							<lines>
								<line number="140" hits="0"></line>
								<line number="141" hits="0"></line>
								<line number="142" hits="0"></line>
								<line number="143" hits="0"></line>
								<line number="144" hits="0"></line>
								<line number="145" hits="0"></line>
								<line number="147" hits="0"></line>
								<line number="150" hits="0"></line>
								<line number="152" hits="0"></line>
							</lines>
						</method>
						<method name="Delete" signature="" line-rate="0" branch-rate="0" complexity="0" line-count="0" line-hits="0">
							<lines>
								<line number="163" hits="0"></line>
								<line number="164" hits="0"></line>
								<line number="165" hits="0"></line>
								<line number="166" hits="0"></line>
								<line number="168" hits="0"></line>
								<line number="170" hits="0"></line>
							</lines>
						</method>
					</methods>
					<lines>
						<line number="20" hits="0"></line>
						<line number="21" hits="0"></line>
						<line number="22" hits="0"></line>
						<line number="23" hits="0"></line>
						<line number="24" hits="0"></line>
						<line number="35" hits="0"></line>
						<line number="36" hits="0"></line>
						<line number="37" hits="0"></line>
						<line number="38" hits="0"></line>
						<line number="39" hits="0"></line>
						<line number="41" hits="0"></line>
						<line number="44" hits="0"></line>
						<line number="46" hits="0"></line>
						<line number="57" hits="0"></line>
						<line number="58" hits="0"></line>
						<line number="59" hits="0"></line>
						<line number="60" hits="0"></line>
						<line number="61" hits="0"></line>
						<line number="63" hits="0"></line>
						<line number="65" hits="0"></line>
						<line number="81" hits="0"></line>
						<line number="82" hits="0"></line>
						<line number="83" hits="0"></line>
						<line number="84" hits="0"></line>
						<line number="85" hits="0"></line>
						<line number="86" hits="0"></line>
						<line number="89" hits="0"></line>
						<line number="90" hits="0"></line>
						<line number="93" hits="0"></line>
						<line number="94" hits="0"></line>
						<line number="97" hits="0"></line>
						<line number="98" hits="0"></line>
						<line number="101" hits="0"></line>
						<line number="102" hits="0"></line>
						<line number="105" hits="0"></line>
						<line number="106" hits="0"></line>
						<line number="109" hits="0"></line>
						<line number="110" hits="0"></line>
						<line number="111" hits="0"></line>
						<line number="112" hits="0"></line>
						<line number="113" hits="0"></line>
						<line number="114" hits="0"></line>
						<line number="115" hits="0"></line>
						<line number="117" hits="0"></line>
						<line number="118" hits="0"></line>
						<line number="122" hits="0"></line>
						<line number="123" hits="0"></line>
						<line number="124" hits="0"></line>
						<line number="126" hits="0"></line>
						<line number="128" hits="0"></line>
						<line number="140" hits="0"></line>
						<line number="141" hits="0"></line>
						<line number="142" hits="0"></line>
						<line number="143" hits="0"></line>
						<line number="144" hits="0"></line>
						<line number="145" hits="0"></line>
						<line number="147" hits="0"></line>
						<line number="150" hits="0"></line>
						<line number="152" hits="0"></line>
						<line number="163" hits="0"></line>
						<line number="164" hits="0"></line>
						<line number="165" hits="0"></line>
						<line number="166" hits="0"></line>
						<line number="168" hits="0"></line>
						<line number="170" hits="0"></line>
					</lines>
				</class>
				<class name="TipoPensionadoController" filename="controllers/tipo_pensionado.go" line-rate="0" branch-rate="0" complexity="0" line-count="65" line-hits="0">
					<methods>
						<method name="URLMapping" signature="" line-rate="0" branch-rate="0" complexity="0" line-count="0" line-hits="0">
							<lines>
								<line number="20" hits="0"></line>
								<line number="21" hits="0"></line>
								<line number="22" hits="0"></line>
								<line number="23" hits="0"></line>
								<line number="24" hits="0"></line>
							</lines>
						</method>
						<method name="Post" signature="" line-rate="0" branch-rate="0" complexity="0" line-count="0" line-hits="0">
							<lines>
								<line number="35" hits="0"></line>
								<line number="36" hits="0"></line>
								<line number="37" hits="0"></line>
								<line number="38" hits="0"></line>
								<line number="39" hits="0"></line>
								<line number="41" hits="0"></line>
								<line number="44" hits="0"></line>
								<line number="46" hits="0"></line>
							</lines>
						</method>
						<method name="GetOne" signature="" line-rate="0" branch-rate="0" complexity="0" line-count="0" line-hits="0">
							<lines>
								<line number="57" hits="0"></line>
								<line number="58" hits="0"></line>
								<line number="59" hits="0"></line>
								<line number="60" hits="0"></line>
								<line number="61" hits="0"></line>
								<line number="63" hits="0"></line>
								<line number="65" hits="0"></line>
							</lines>
						</method>
						<method name="GetAll" signature="" line-rate="0" branch-rate="0" complexity="0" line-count="0" line-hits="0">
							<lines>
								<line number="81" hits="0"></line>
								<line number="82" hits="0"></line>
								<line number="83" hits="0"></line>
								<line number="84" hits="0"></line>
								<line number="85" hits="0"></line>
								<line number="86" hits="0"></line>
								<line number="89" hits="0"></line>
								<line number="90" hits="0"></line>
								<line number="93" hits="0"></line>
								<line number="94" hits="0"></line>
								<line number="97" hits="0"></line>
								<line number="98" hits="0"></line>
								<line number="101" hits="0"></line>
								<line number="102" hits="0"></line>
								<line number="105" hits="0"></line>
								<line number="106" hits="0"></line>
								<line number="109" hits="0"></line>
								<line number="110" hits="0"></line>
								<line number="111" hits="0"></line>
								<line number="112" hits="0"></line>
								<line number="113" hits="0"></line>
								<line number="114" hits="0"></line>
								<line number="115" hits="0"></line>
								<line number="117" hits="0"></line>
								<line number="118" hits="0"></line>
								<line number="122" hits="0"></line>
								<line number="123" hits="0"></line>
								<line number="124" hits="0"></line>
								<line number="126" hits="0"></line>
								<line number="128" hits="0"></line>
							</lines>
						</method>
						<method name="Put" signature="" line-rate="0" branch-rate="0" complexity="0" line-count="0" line-hits="0">
							<lines>
								<line number="140" hits="0"></line>
								<line number="141" hits="0"></line>
								<line number="142" hits="0"></line>
								<line number="143" hits="0"></line>
								<line number="144" hits="0"></line>
								<line number="145" hits="0"></line>
								<line number="147" hits="0"></line>
								<line number="150" hits="0"></line>
								<line number="152" hits="0"></line>
							</lines>
						</method>
						<method name="Delete" signature="" line-rate="0" branch-rate="0" complexity="0" line-count="0" line-hits="0">
							<lines>
								<line number="163" hits="0"></line>
								<line number="164" hits="0"></line>
								<line number="165" hits="0"></line>
								<line number="166" hits="0"></line>
								<line number="168" hits="0"></line>
								<line number="170" hits="0"></line>
							</lines>
						</method>
					</methods>
					<lines>
						<line number="20" hits="0"></line>
						<line number="21" hits="0"></line>
						<line number="22" hits="0"></line>
						<line number="23" hits="0"></line>
						<line number="24" hits="0"></line>
						<line number="35" hits="0"></line>
						<line number="36" hits="0"></line>
						<line number="37" hits="0"></line>
						<line number="38" hits="0"></line>
						<line number="39" hits="0"></line>
						<line number="41" hits="0"></line>
						<line number="44" hits="0"></line>
						<line number="46" hits="0"></line>
						<line number="57" hits="0"></line>
						<line number="58" hits="0"></line>
						<line number="59" hits="0"></line>
						<line number="60" hits="0"></line>
						<line number="61" hits="0"></line>
						<line number="63" hits="0"></line>
						<line number="65" hits="0"></line>
						<line number="81" hits="0"></line>
						<line number="82" hits="0"></line>
						<line number="83" hits="0"></line>
						<line number="84" hits="0"></line>
						<line number="85" hits="0"></line>
						<line number="86" hits="0"></line>
						<line number="89" hits="0"></line>
						<line number="90" hits="0"></line>
						<line number="93" hits="0"></line>
						<line number="94" hits="0"></line>
						<line number="97" hits="0"></line>
						<line number="98" hits="0"></line>
						<line number="101" hits="0"></line>
						<line number="102" hits="0"></line>
						<line number="105" hits="0"></line>
						<line number="106" hits="0"></line>
						<line number="109" hits="0"></line>
						<line number="110" hits="0"></line>
						<line number="111" hits="0"></line>
						<line number="112" hits="0"></line>
						<line number="113" hits="0"></line>
						<line number="114" hits="0"></line>
						<line number="115" hits="0"></line>
						<line number="117" hits="0"></line>
						<line number="118" hits="0"></line>
						<line number="122" hits="0"></line>
						<line number="123" hits="0"></line>
						<line number="124" hits="0"></line>
						<line number="126" hits="0"></line>
						<line number="128" hits="0"></line>
						<line number="140" hits="0"></line>
						<line number="141" hits="0"></line>
						<line number="142" hits="0"></line>
						<line number="143" hits="0"></line>
						<line number="144" hits="0"></line>
						<line number="145" hits="0"></line>
						<line number="147" hits="0"></line>
						<line number="150" hits="0"></line>
						<line number="152" hits="0"></line>
						<line number="163" hits="0"></line>
						<line number="164" hits="0"></line>
						<line number="165" hits="0"></line>
						<line number="166" hits="0"></line>
						<line number="168" hits="0"></line>
						<line number="170" hits="0"></line>
					</lines>
				</class>
				<class name="TipoPreliquidacionController" filename="controllers/tipo_preliquidacion.go" line-rate="0" branch-rate="0" complexity="0" line-count="65" line-hits="0">
					<methods>
						<method name="URLMapping" signature="" line-rate="0" branch-rate="0" complexity="0" line-count="0" line-hits="0">
							<lines>
								<line number="20" hits="0"></line>
								<line number="21" hits="0"></line>
								<line number="22" hits="0"></line>
								<line number="23" hits="0"></line>
								<line number="24" hits="0"></line>
							</lines>
						</method>
						<method name="Post" signature="" line-rate="0" branch-rate="0" complexity="0" line-count="0" line-hits="0">
							<lines>
								<line number="35" hits="0"></line>
								<line number="36" hits="0"></line>
								<line number="37" hits="0"></line>
								<line number="38" hits="0"></line>
								<line number="39" hits="0"></line>
								<line number="41" hits="0"></line>
								<line number="44" hits="0"></line>
								<line number="46" hits="0"></line>
							</lines>
						</method>
						<method name="GetOne" signature="" line-rate="0" branch-rate="0" complexity="0" line-count="0" line-hits="0">
							<lines>
								<line number="57" hits="0"></line>
								<line number="58" hits="0"></line>
								<line number="59" hits="0"></line>
								<line number="60" hits="0"></line>
								<line number="61" hits="0"></line>
								<line number="63" hits="0"></line>
								<line number="65" hits="0"></line>
							</lines>
						</method>
						<method name="GetAll" signature="" line-rate="0" branch-rate="0" complexity="0" line-count="0" line-hits="0">
							<lines>
								<line number="81" hits="0"></line>
								<line number="82" hits="0"></line>
								<line number="83" hits="0"></line>
								<line number="84" hits="0"></line>
								<line number="85" hits="0"></line>
								<line number="86" hits="0"></line>
								<line number="89" hits="0"></line>
								<line number="90" hits="0"></line>
								<line number="93" hits="0"></line>
								<line number="94" hits="0"></line>
								<line number="97" hits="0"></line>
								<line number="98" hits="0"></line>
								<line number="101" hits="0"></line>
								<line number="102" hits="0"></line>
								<line number="105" hits="0"></line>
								<line number="106" hits="0"></line>
								<line number="109" hits="0"></line>
								<line number="110" hits="0"></line>
								<line number="111" hits="0"></line>
								<line number="112" hits="0"></line>
								<line number="113" hits="0"></line>
								<line number="114" hits="0"></line>
								<line number="115" hits="0"></line>
								<line number="117" hits="0"></line>
								<line number="118" hits="0"></line>
								<line number="122" hits="0"></line>
								<line number="123" hits="0"></line>
								<line number="124" hits="0"></line>
								<line number="126" hits="0"></line>
								<line number="128" hits="0"></line>
							</lines>
						</method>
						<method name="Put" signature="" line-rate="0" branch-rate="0" complexity="0" line-count="0" line-hits="0">
							<lines>
								<line number="140" hits="0"></line>
								<line number="141" hits="0"></line>
								<line number="142" hits="0"></line>
								<line number="143" hits="0"></line>
								<line number="144" hits="0"></line>
								<line number="145" hits="0"></line>
								<line number="147" hits="0"></line>
								<line number="150" hits="0"></line>
								<line number="152" hits="0"></line>
							</lines>
						</method>
						<method name="Delete" signature="" line-rate="0" branch-rate="0" complexity="0" line-count="0" line-hits="0">
							<lines>
								<line number="163" hits="0"></line>
								<line number="164" hits="0"></line>
								<line number="165" hits="0"></line>
								<line number="166" hits="0"></line>
								<line number="168" hits="0"></line>
								<line number="170" hits="0"></line>
							</lines>
						</method>
					</methods>
					<lines>
						<line number="20" hits="0"></line>
						<line number="21" hits="0"></line>
						<line number="22" hits="0"></line>
						<line number="23" hits="0"></line>
						<line number="24" hits="0"></line>
						<line number="35" hits="0"></line>
						<line number="36" hits="0"></line>
						<line number="37" hits="0"></line>
						<line number="38" hits="0"></line>
						<line number="39" hits="0"></line>
						<line number="41" hits="0"></line>
						<line number="44" hits="0"></line>
						<line number="46" hits="0"></line>
						<line number="57" hits="0"></line>
						<line number="58" hits="0"></line>
						<line number="59" hits="0"></line>
						<line number="60" hits="0"></line>
						<line number="61" hits="0"></line>
						<line number="63" hits="0"></line>
						<line number="65" hits="0"></line>
						<line number="81" hits="0"></line>
						<line number="82" hits="0"></line>
						<line number="83" hits="0"></line>
						<line number="84" hits="0"></line>
						<line number="85" hits="0"></line>
						<line number="86" hits="0"></line>
						<line number="89" hits="0"></line>
						<line number="90" hits="0"></line>
						<line number="93" hits="0"></line>
						<line number="94" hits="0"></line>
						<line number="97" hits="0"></line>
						<line number="98" hits="0"></line>
						<line number="101" hits="0"></line>
						<line number="102" hits="0"></line>
						<line number="105" hits="0"></line>
						<line number="106" hits="0"></line>
						<line number="109" hits="0"></line>
						<line number="110" hits="0"></line>
						<line number="111" hits="0"></line>
						<line number="112" hits="0"></line>
						<line number="113" hits="0"></line>
						<line number="114" hits="0"></line>
						<line number="115" hits="0"></line>
						<line number="117" hits="0"></line>
						<line number="118" hits="0"></line>
						<line number="122" hits="0"></line>
						<line number="123" hits="0"></line>
						<line number="124" hits="0"></line>
						<line number="126" hits="0"></line>
						<line number="128" hits="0"></line>
						<line number="140" hits="0"></line>
						<line number="141" hits="0"></line>
						<line number="142" hits="0"></line>
						<line number="143" hits="0"></line>
						<line number="144" hits="0"></line>
						<line number="145" hits="0"></line>
						<line number="147" hits="0"></line>
						<line number="150" hits="0"></line>
						<line number="152" hits="0"></line>
						<line number="163" hits="0"></line>
						<line number="164" hits="0"></line>
						<line number="165" hits="0"></line>
						<line number="166" hits="0"></line>
						<line number="168" hits="0"></line>
						<line number="170" hits="0"></line>
					</lines>
				</class>
				<class name="ActaInicioController" filename="controllers/acta_inicio.go" line-rate="0.07692308" branch-rate="0" complexity="0" line-count="65" line-hits="5">
					<methods>
						<method name="URLMapping" signature="" line-rate="1" branch-rate="0" complexity="0" line-count="0" line-hits="0">
							<lines>
								<line number="19" hits="1"></line>
								<line number="20" hits="1"></line>
								<line number="21" hits="1"></line>
								<line number="22" hits="1"></line>
								<line number="23" hits="1"></line>
							</lines>
						</method>
						<method name="Post" signature="" line-rate="0" branch-rate="0" complexity="0" line-count="0" line-hits="0">
							<lines>
								<line number="35" hits="0"></line>
								<line number="36" hits="0"></line>
								<line number="37" hits="0"></line>
								<line number="38" hits="0"></line>
								<line number="39" hits="0"></line>
								<line number="41" hits="0"></line>
								<line number="44" hits="0"></line>
								<line number="46" hits="0"></line>
							</lines>
						</method>
						<method name="GetOne" signature="" line-rate="0" branch-rate="0" complexity="0" line-count="0" line-hits="0">
							<lines>
								<line number="57" hits="0"></line>
								<line number="58" hits="0"></line>
								<line number="59" hits="0"></line>
								<line number="60" hits="0"></line>
								<line number="61" hits="0"></line>
								<line number="63" hits="0"></line>
								<line number="65" hits="0"></line>
							</lines>
						</method>
						<method name="GetAll" signature="" line-rate="0" branch-rate="0" complexity="0" line-count="0" line-hits="0">
							<lines>
								<line number="81" hits="0"></line>
								<line number="82" hits="0"></line>
								<line number="83" hits="0"></line>
								<line number="84" hits="0"></line>
								<line number="85" hits="0"></line>
								<line number="86" hits="0"></line>
								<line number="89" hits="0"></line>
								<line number="90" hits="0"></line>
								<line number="93" hits="0"></line>
								<line number="94" hits="0"></line>
								<line number="97" hits="0"></line>
								<line number="98" hits="0"></line>
								<line number="101" hits="0"></line>
								<line number="102" hits="0"></line>
								<line number="105" hits="0"></line>
								<line number="106" hits="0"></line>
								<line number="109" hits="0"></line>
								<line number="110" hits="0"></line>
								<line number="111" hits="0"></line>
								<line number="112" hits="0"></line>
								<line number="113" hits="0"></line>
								<line number="114" hits="0"></line>
								<line number="115" hits="0"></line>
								<line number="117" hits="0"></line>
								<line number="118" hits="0"></line>
								<line number="122" hits="0"></line>
								<line number="123" hits="0"></line>
								<line number="124" hits="0"></line>
								<line number="126" hits="0"></line>
								<line number="128" hits="0"></line>
							</lines>
						</method>
						<method name="Put" signature="" line-rate="0" branch-rate="0" complexity="0" line-count="0" line-hits="0">
							<lines>
								<line number="140" hits="0"></line>
								<line number="141" hits="0"></line>
								<line number="142" hits="0"></line>
								<line number="143" hits="0"></line>
								<line number="144" hits="0"></line>
								<line number="145" hits="0"></line>
								<line number="147" hits="0"></line>
								<line number="150" hits="0"></line>
								<line number="152" hits="0"></line>
							</lines>
						</method>
						<method name="Delete" signature="" line-rate="0" branch-rate="0" complexity="0" line-count="0" line-hits="0">
							<lines>
								<line number="163" hits="0"></line>
								<line number="164" hits="0"></line>
								<line number="165" hits="0"></line>
								<line number="166" hits="0"></line>
								<line number="168" hits="0"></line>
								<line number="170" hits="0"></line>
							</lines>
						</method>
					</methods>
					<lines>
						<line number="19" hits="1"></line>
						<line number="20" hits="1"></line>
						<line number="21" hits="1"></line>
						<line number="22" hits="1"></line>
						<line number="23" hits="1"></line>
						<line number="35" hits="0"></line>
						<line number="36" hits="0"></line>
						<line number="37" hits="0"></line>
						<line number="38" hits="0"></line>
						<line number="39" hits="0"></line>
						<line number="41" hits="0"></line>
						<line number="44" hits="0"></line>
						<line number="46" hits="0"></line>
						<line number="57" hits="0"></line>
						<line number="58" hits="0"></line>
						<line number="59" hits="0"></line>
						<line number="60" hits="0"></line>
						<line number="61" hits="0"></line>
						<line number="63" hits="0"></line>
						<line number="65" hits="0"></line>
						<line number="81" hits="0"></line>
						<line number="82" hits="0"></line>
						<line number="83" hits="0"></line>
						<line number="84" hits="0"></line>
						<line number="85" hits="0"></line>
						<line number="86" hits="0"></line>
						<line number="89" hits="0"></line>
						<line number="90" hits="0"></line>
						<line number="93" hits="0"></line>
						<line number="94" hits="0"></line>
						<line number="97" hits="0"></line>
						<line number="98" hits="0"></line>
						<line number="101" hits="0"></line>
						<line number="102" hits="0"></line>
						<line number="105" hits="0"></line>
						<line number="106" hits="0"></line>
						<line number="109" hits="0"></line>
						<line number="110" hits="0"></line>
						<line number="111" hits="0"></line>
						<line number="112" hits="0"></line>
						<line number="113" hits="0"></line>
						<line number="114" hits="0"></line>
						<line number="115" hits="0"></line>
						<line number="117" hits="0"></line>
						<line number="118" hits="0"></line>
						<line number="122" hits="0"></line>
						<line number="123" hits="0"></line>
						<line number="124" hits="0"></line>
						<line number="126" hits="0"></line>
						<line number="128" hits="0"></line>
						<line number="140" hits="0"></line>
						<line number="141" hits="0"></line>
						<line number="142" hits="0"></line>
						<line number="143" hits="0"></line>
						<line number="144" hits="0"></line>
						<line number="145" hits="0"></line>
						<line number="147" hits="0"></line>
						<line number="150" hits="0"></line>
						<line number="152" hits="0"></line>
						<line number="163" hits="0"></line>
						<line number="164" hits="0"></line>
						<line number="165" hits="0"></line>
						<line number="166" hits="0"></line>
						<line number="168" hits="0"></line>
						<line number="170" hits="0"></line>
					</lines>
				</class>
				<class name="ContratoGeneralController" filename="controllers/contrato_general.go" line-rate="0" branch-rate="0" complexity="0" line-count="62" line-hits="0">
					<methods>
						<method name="URLMapping" signature="" line-rate="0" branch-rate="0" complexity="0" line-count="0" line-hits="0">
							<lines>
								<line number="18" hits="0"></line>
								<line number="19" hits="0"></line>
								<line number="20" hits="0"></line>
								<line number="21" hits="0"></line>
								<line number="22" hits="0"></line>
							</lines>
						</method>
						<method name="Post" signature="" line-rate="0" branch-rate="0" complexity="0" line-count="0" line-hits="0">
							<lines>
								<line number="34" hits="0"></line>
								<line number="35" hits="0"></line>
								<line number="36" hits="0"></line>
								<line number="37" hits="0"></line>
								<line number="38" hits="0"></line>
								<line number="40" hits="0"></line>
								<line number="43" hits="0"></line>
								<line number="45" hits="0"></line>
							</lines>
						</method>
						<method name="GetOne" signature="" line-rate="0" branch-rate="0" complexity="0" line-count="0" line-hits="0">
							<lines>
								<line number="56" hits="0"></line>
								<line number="57" hits="0"></line>
								<line number="58" hits="0"></line>
								<line number="59" hits="0"></line>
								<line number="61" hits="0"></line>
								<line number="63" hits="0"></line>
							</lines>
						</method>
						<method name="GetAll" signature="" line-rate="0" branch-rate="0" complexity="0" line-count="0" line-hits="0">
							<lines>
								<line number="79" hits="0"></line>
								<line number="80" hits="0"></line>
								<line number="81" hits="0"></line>
								<line number="82" hits="0"></line>
								<line number="83" hits="0"></line>
								<line number="84" hits="0"></line>
								<line number="87" hits="0"></line>
								<line number="88" hits="0"></line>
								<line number="91" hits="0"></line>
								<line number="92" hits="0"></line>
								<line number="95" hits="0"></line>
								<line number="96" hits="0"></line>
								<line number="99" hits="0"></line>
								<line number="100" hits="0"></line>
								<line number="103" hits="0"></line>
								<line number="104" hits="0"></line>
								<line number="107" hits="0"></line>
								<line number="108" hits="0"></line>
								<line number="109" hits="0"></line>
								<line number="110" hits="0"></line>
								<line number="111" hits="0"></line>
								<line number="112" hits="0"></line>
								<line number="113" hits="0"></line>
								<line number="115" hits="0"></line>
								<line number="116" hits="0"></line>
								<line number="120" hits="0"></line>
								<line number="121" hits="0"></line>
								<line number="122" hits="0"></line>
								<line number="124" hits="0"></line>
								<line number="126" hits="0"></line>
							</lines>
						</method>
						<method name="Put" signature="" line-rate="0" branch-rate="0" complexity="0" line-count="0" line-hits="0">
							<lines>
								<line number="138" hits="0"></line>
								<line number="139" hits="0"></line>
								<line number="140" hits="0"></line>
								<line number="141" hits="0"></line>
								<line number="142" hits="0"></line>
								<line number="144" hits="0"></line>
								<line number="147" hits="0"></line>
								<line number="149" hits="0"></line>
							</lines>
						</method>
						<method name="Delete" signature="" line-rate="0" branch-rate="0" complexity="0" line-count="0" line-hits="0">
							<lines>
								<line number="160" hits="0"></line>
								<line number="161" hits="0"></line>
								<line number="162" hits="0"></line>
								<line number="164" hits="0"></line>
								<line number="166" hits="0"></line>
							</lines>
						</method>
					</methods>
					<lines>
						<line number="18" hits="0"></line>
						<line number="19" hits="0"></line>
						<line number="20" hits="0"></line>
						<line number="21" hits="0"></line>
						<line number="22" hits="0"></line>
						<line number="34" hits="0"></line>
						<line number="35" hits="0"></line>
						<line number="36" hits="0"></line>
						<line number="37" hits="0"></line>
						<line number="38" hits="0"></line>
						<line number="40" hits="0"></line>
						<line number="43" hits="0"></line>
						<line number="45" hits="0"></line>
						<line number="56" hits="0"></line>
						<line number="57" hits="0"></line>
						<line number="58" hits="0"></line>
						<line number="59" hits="0"></line>
						<line number="61" hits="0"></line>
						<line number="63" hits="0"></line>
						<line number="79" hits="0"></line>
						<line number="80" hits="0"></line>
						<line number="81" hits="0"></line>
						<line number="82" hits="0"></line>
						<line number="83" hits="0"></line>
						<line number="84" hits="0"></line>
						<line number="87" hits="0"></line>
						<line number="88" hits="0"></line>
						<line number="91" hits="0"></line>
						<line number="92" hits="0"></line>
						<line number="95" hits="0"></line>
						<line number="96" hits="0"></line>
						<line number="99" hits="0"></line>
						<line number="100" hits="0"></line>
						<line number="103" hits="0"></line>
						<line number="104" hits="0"></line>
						<line number="107" hits="0"></line>
						<line number="108" hits="0"></line>
						<line number="109" hits="0"></line>
						<line number="110" hits="0"></line>
						<line number="111" hits="0"></line>
						<line number="112" hits="0"></line>
						<line number="113" hits="0"></line>
						<line number="115" hits="0"></line>
						<line number="116" hits="0"></line>
						<line number="120" hits="0"></line>
						<line number="121" hits="0"></line>
						<line number="122" hits="0"></line>
						<line number="124" hits="0"></line>
						<line number="126" hits="0"></line>
						<line number="138" hits="0"></line>
						<line number="139" hits="0"></line>
						<line number="140" hits="0"></line>
						<line number="141" hits="0"></line>
						<line number="142" hits="0"></line>
						<line number="144" hits="0"></line>
						<line number="147" hits="0"></line>
						<line number="149" hits="0"></line>
						<line number="160" hits="0"></line>
						<line number="161" hits="0"></line>
						<line number="162" hits="0"></line>
						<line number="164" hits="0"></line>
						<line number="166" hits="0"></line>
					</lines>
				</class>
				<class name="ParametroEstandarController" filename="controllers/parametro_estandar.go" line-rate="0" branch-rate="0" complexity="0" line-count="65" line-hits="0">
					<methods>
						<method name="URLMapping" signature="" line-rate="0" branch-rate="0" complexity="0" line-count="0" line-hits="0">
							<lines>
								<line number="20" hits="0"></line>
								<line number="21" hits="0"></line>
								<line number="22" hits="0"></line>
								<line number="23" hits="0"></line>
								<line number="24" hits="0"></line>
							</lines>
						</method>
						<method name="Post" signature="" line-rate="0" branch-rate="0" complexity="0" line-count="0" line-hits="0">
							<lines>
								<line number="35" hits="0"></line>
								<line number="36" hits="0"></line>
								<line number="37" hits="0"></line>
								<line number="38" hits="0"></line>
								<line number="39" hits="0"></line>
								<line number="41" hits="0"></line>
								<line number="44" hits="0"></line>
								<line number="46" hits="0"></line>
							</lines>
						</method>
						<method name="GetOne" signature="" line-rate="0" branch-rate="0" complexity="0" line-count="0" line-hits="0">
							<lines>
								<line number="57" hits="0"></line>
								<line number="58" hits="0"></line>
								<line number="59" hits="0"></line>
								<line number="60" hits="0"></line>
								<line number="61" hits="0"></line>
								<line number="63" hits="0"></line>
								<line number="65" hits="0"></line>
							</lines>
						</method>
						<method name="GetAll" signature="" line-rate="0" branch-rate="0" complexity="0" line-count="0" line-hits="0">
							<lines>
								<line number="81" hits="0"></line>
								<line number="82" hits="0"></line>
								<line number="83" hits="0"></line>
								<line number="84" hits="0"></line>
								<line number="85" hits="0"></line>
								<line number="86" hits="0"></line>
								<line number="89" hits="0"></line>
								<line number="90" hits="0"></line>
								<line number="93" hits="0"></line>
								<line number="94" hits="0"></line>
								<line number="97" hits="0"></line>
								<line number="98" hits="0"></line>
								<line number="101" hits="0"></line>
								<line number="102" hits="0"></line>
								<line number="105" hits="0"></line>
								<line number="106" hits="0"></line>
								<line number="109" hits="0"></line>
								<line number="110" hits="0"></line>
								<line number="111" hits="0"></line>
								<line number="112" hits="0"></line>
								<line number="113" hits="0"></line>
								<line number="114" hits="0"></line>
								<line number="115" hits="0"></line>
								<line number="117" hits="0"></line>
								<line number="118" hits="0"></line>
								<line number="122" hits="0"></line>
								<line number="123" hits="0"></line>
								<line number="124" hits="0"></line>
								<line number="126" hits="0"></line>
								<line number="128" hits="0"></line>
							</lines>
						</method>
						<method name="Put" signature="" line-rate="0" branch-rate="0" complexity="0" line-count="0" line-hits="0">
							<lines>
								<line number="140" hits="0"></line>
								<line number="141" hits="0"></line>
								<line number="142" hits="0"></line>
								<line number="143" hits="0"></line>
								<line number="144" hits="0"></line>
								<line number="145" hits="0"></line>
								<line number="147" hits="0"></line>
								<line number="150" hits="0"></line>
								<line number="152" hits="0"></line>
							</lines>
						</method>
						<method name="Delete" signature="" line-rate="0" branch-rate="0" complexity="0" line-count="0" line-hits="0">
							<lines>
								<line number="163" hits="0"></line>
								<line number="164" hits="0"></line>
								<line number="165" hits="0"></line>
								<line number="166" hits="0"></line>
								<line number="168" hits="0"></line>
								<line number="170" hits="0"></line>
							</lines>
						</method>
					</methods>
					<lines>
						<line number="20" hits="0"></line>
						<line number="21" hits="0"></line>
						<line number="22" hits="0"></line>
						<line number="23" hits="0"></line>
						<line number="24" hits="0"></line>
						<line number="35" hits="0"></line>
						<line number="36" hits="0"></line>
						<line number="37" hits="0"></line>
						<line number="38" hits="0"></line>
						<line number="39" hits="0"></line>
						<line number="41" hits="0"></line>
						<line number="44" hits="0"></line>
						<line number="46" hits="0"></line>
						<line number="57" hits="0"></line>
						<line number="58" hits="0"></line>
						<line number="59" hits="0"></line>
						<line number="60" hits="0"></line>
						<line number="61" hits="0"></line>
						<line number="63" hits="0"></line>
						<line number="65" hits="0"></line>
						<line number="81" hits="0"></line>
						<line number="82" hits="0"></line>
						<line number="83" hits="0"></line>
						<line number="84" hits="0"></line>
						<line number="85" hits="0"></line>
						<line number="86" hits="0"></line>
						<line number="89" hits="0"></line>
						<line number="90" hits="0"></line>
						<line number="93" hits="0"></line>
						<line number="94" hits="0"></line>
						<line number="97" hits="0"></line>
						<line number="98" hits="0"></line>
						<line number="101" hits="0"></line>
						<line number="102" hits="0"></line>
						<line number="105" hits="0"></line>
						<line number="106" hits="0"></line>
						<line number="109" hits="0"></line>
						<line number="110" hits="0"></line>
						<line number="111" hits="0"></line>
						<line number="112" hits="0"></line>
						<line number="113" hits="0"></line>
						<line number="114" hits="0"></line>
						<line number="115" hits="0"></line>
						<line number="117" hits="0"></line>
						<line number="118" hits="0"></line>
						<line number="122" hits="0"></line>
						<line number="123" hits="0"></line>
						<line number="124" hits="0"></line>
						<line number="126" hits="0"></line>
						<line number="128" hits="0"></line>
						<line number="140" hits="0"></line>
						<line number="141" hits="0"></line>
						<line number="142" hits="0"></line>
						<line number="143" hits="0"></line>
						<line number="144" hits="0"></line>
						<line number="145" hits="0"></line>
						<line number="147" hits="0"></line>
						<line number="150" hits="0"></line>
						<line number="152" hits="0"></line>
						<line number="163" hits="0"></line>
						<line number="164" hits="0"></line>
						<line number="165" hits="0"></line>
						<line number="166" hits="0"></line>
						<line number="168" hits="0"></line>
						<line number="170" hits="0"></line>
					</lines>
				</class>
				<class name="TipoConceptoNominaController" filename="controllers/tipo_concepto_nomina.go" line-rate="0" branch-rate="0" complexity="0" line-count="65" line-hits="0">
					<methods>
						<method name="URLMapping" signature="" line-rate="0" branch-rate="0" complexity="0" line-count="0" line-hits="0">
							<lines>
								<line number="20" hits="0"></line>
								<line number="21" hits="0"></line>
								<line number="22" hits="0"></line>
								<line number="23" hits="0"></line>
								<line number="24" hits="0"></line>
							</lines>
						</method>
						<method name="Post" signature="" line-rate="0" branch-rate="0" complexity="0" line-count="0" line-hits="0">
							<lines>
								<line number="35" hits="0"></line>
								<line number="36" hits="0"></line>
								<line number="37" hits="0"></line>
								<line number="38" hits="0"></line>
								<line number="39" hits="0"></line>
								<line number="41" hits="0"></line>
								<line number="44" hits="0"></line>
								<line number="46" hits="0"></line>
							</lines>
						</method>
						<method name="GetOne" signature="" line-rate="0" branch-rate="0" complexity="0" line-count="0" line-hits="0">
							<lines>
								<line number="57" hits="0"></line>
								<line number="58" hits="0"></line>
								<line number="59" hits="0"></line>
								<line number="60" hits="0"></line>
								<line number="61" hits="0"></line>
								<line number="63" hits="0"></line>
								<line number="65" hits="0"></line>
							</lines>
						</method>
						<method name="GetAll" signature="" line-rate="0" branch-rate="0" complexity="0" line-count="0" line-hits="0">
							<lines>
								<line number="81" hits="0"></line>
								<line number="82" hits="0"></line>
								<line number="83" hits="0"></line>
								<line number="84" hits="0"></line>
								<line number="85" hits="0"></line>
								<line number="86" hits="0"></line>
								<line number="89" hits="0"></line>
								<line number="90" hits="0"></line>
								<line number="93" hits="0"></line>
								<line number="94" hits="0"></line>
								<line number="97" hits="0"></line>
								<line number="98" hits="0"></line>
								<line number="101" hits="0"></line>
								<line number="102" hits="0"></line>
								<line number="105" hits="0"></line>
								<line number="106" hits="0"></line>
								<line number="109" hits="0"></line>
								<line number="110" hits="0"></line>
								<line number="111" hits="0"></line>
								<line number="112" hits="0"></line>
								<line number="113" hits="0"></line>
								<line number="114" hits="0"></line>
								<line number="115" hits="0"></line>
								<line number="117" hits="0"></line>
								<line number="118" hits="0"></line>
								<line number="122" hits="0"></line>
								<line number="123" hits="0"></line>
								<line number="124" hits="0"></line>
								<line number="126" hits="0"></line>
								<line number="128" hits="0"></line>
							</lines>
						</method>
						<method name="Put" signature="" line-rate="0" branch-rate="0" complexity="0" line-count="0" line-hits="0">
							<lines>
								<line number="140" hits="0"></line>
								<line number="141" hits="0"></line>
								<line number="142" hits="0"></line>
								<line number="143" hits="0"></line>
								<line number="144" hits="0"></line>
								<line number="145" hits="0"></line>
								<line number="147" hits="0"></line>
								<line number="150" hits="0"></line>
								<line number="152" hits="0"></line>
							</lines>
						</method>
						<method name="Delete" signature="" line-rate="0" branch-rate="0" complexity="0" line-count="0" line-hits="0">
							<lines>
								<line number="163" hits="0"></line>
								<line number="164" hits="0"></line>
								<line number="165" hits="0"></line>
								<line number="166" hits="0"></line>
								<line number="168" hits="0"></line>
								<line number="170" hits="0"></line>
							</lines>
						</method>
					</methods>
					<lines>
						<line number="20" hits="0"></line>
						<line number="21" hits="0"></line>
						<line number="22" hits="0"></line>
						<line number="23" hits="0"></line>
						<line number="24" hits="0"></line>
						<line number="35" hits="0"></line>
						<line number="36" hits="0"></line>
						<line number="37" hits="0"></line>
						<line number="38" hits="0"></line>
						<line number="39" hits="0"></line>
						<line number="41" hits="0"></line>
						<line number="44" hits="0"></line>
						<line number="46" hits="0"></line>
						<line number="57" hits="0"></line>
						<line number="58" hits="0"></line>
						<line number="59" hits="0"></line>
						<line number="60" hits="0"></line>
						<line number="61" hits="0"></line>
						<line number="63" hits="0"></line>
						<line number="65" hits="0"></line>
						<line number="81" hits="0"></line>
						<line number="82" hits="0"></line>
						<line number="83" hits="0"></line>
						<line number="84" hits="0"></line>
						<line number="85" hits="0"></line>
						<line number="86" hits="0"></line>
						<line number="89" hits="0"></line>
						<line number="90" hits="0"></line>
						<line number="93" hits="0"></line>
						<line number="94" hits="0"></line>
						<line number="97" hits="0"></line>
						<line number="98" hits="0"></line>
						<line number="101" hits="0"></line>
						<line number="102" hits="0"></line>
						<line number="105" hits="0"></line>
						<line number="106" hits="0"></line>
						<line number="109" hits="0"></line>
						<line number="110" hits="0"></line>
						<line number="111" hits="0"></line>
						<line number="112" hits="0"></line>
						<line number="113" hits="0"></line>
						<line number="114" hits="0"></line>
						<line number="115" hits="0"></line>
						<line number="117" hits="0"></line>
						<line number="118" hits="0"></line>
						<line number="122" hits="0"></line>
						<line number="123" hits="0"></line>
						<line number="124" hits="0"></line>
						<line number="126" hits="0"></line>
						<line number="128" hits="0"></line>
						<line number="140" hits="0"></line>
						<line number="141" hits="0"></line>
						<line number="142" hits="0"></line>
						<line number="143" hits="0"></line>
						<line number="144" hits="0"></line>
						<line number="145" hits="0"></line>
						<line number="147" hits="0"></line>
						<line number="150" hits="0"></line>
						<line number="152" hits="0"></line>
						<line number="163" hits="0"></line>
						<line number="164" hits="0"></line>
						<line number="165" hits="0"></line>
						<line number="166" hits="0"></line>
						<line number="168" hits="0"></line>
						<line number="170" hits="0"></line>
					</lines>
				</class>
				<class name="TipoPensionController" filename="controllers/tipo_pension.go" line-rate="0" branch-rate="0" complexity="0" line-count="65" line-hits="0">
					<methods>
						<method name="URLMapping" signature="" line-rate="0" branch-rate="0" complexity="0" line-count="0" line-hits="0">
							<lines>
								<line number="20" hits="0"></line>
								<line number="21" hits="0"></line>
								<line number="22" hits="0"></line>
								<line number="23" hits="0"></line>
								<line number="24" hits="0"></line>
							</lines>
						</method>
						<method name="Post" signature="" line-rate="0" branch-rate="0" complexity="0" line-count="0" line-hits="0">
							<lines>
								<line number="35" hits="0"></line>
								<line number="36" hits="0"></line>
								<line number="37" hits="0"></line>
								<line number="38" hits="0"></line>
								<line number="39" hits="0"></line>
								<line number="41" hits="0"></line>
								<line number="44" hits="0"></line>
								<line number="46" hits="0"></line>
							</lines>
						</method>
						<method name="GetOne" signature="" line-rate="0" branch-rate="0" complexity="0" line-count="0" line-hits="0">
							<lines>
								<line number="57" hits="0"></line>
								<line number="58" hits="0"></line>
								<line number="59" hits="0"></line>
								<line number="60" hits="0"></line>
								<line number="61" hits="0"></line>
								<line number="63" hits="0"></line>
								<line number="65" hits="0"></line>
							</lines>
						</method>
						<method name="GetAll" signature="" line-rate="0" branch-rate="0" complexity="0" line-count="0" line-hits="0">
							<lines>
								<line number="81" hits="0"></line>
								<line number="82" hits="0"></line>
								<line number="83" hits="0"></line>
								<line number="84" hits="0"></line>
								<line number="85" hits="0"></line>
								<line number="86" hits="0"></line>
								<line number="89" hits="0"></line>
								<line number="90" hits="0"></line>
								<line number="93" hits="0"></line>
								<line number="94" hits="0"></line>
								<line number="97" hits="0"></line>
								<line number="98" hits="0"></line>
								<line number="101" hits="0"></line>
								<line number="102" hits="0"></line>
								<line number="105" hits="0"></line>
								<line number="106" hits="0"></line>
								<line number="109" hits="0"></line>
								<line number="110" hits="0"></line>
								<line number="111" hits="0"></line>
								<line number="112" hits="0"></line>
								<line number="113" hits="0"></line>
								<line number="114" hits="0"></line>
								<line number="115" hits="0"></line>
								<line number="117" hits="0"></line>
								<line number="118" hits="0"></line>
								<line number="122" hits="0"></line>
								<line number="123" hits="0"></line>
								<line number="124" hits="0"></line>
								<line number="126" hits="0"></line>
								<line number="128" hits="0"></line>
							</lines>
						</method>
						<method name="Put" signature="" line-rate="0" branch-rate="0" complexity="0" line-count="0" line-hits="0">
							<lines>
								<line number="140" hits="0"></line>
								<line number="141" hits="0"></line>
								<line number="142" hits="0"></line>
								<line number="143" hits="0"></line>
								<line number="144" hits="0"></line>
								<line number="145" hits="0"></line>
								<line number="147" hits="0"></line>
								<line number="150" hits="0"></line>
								<line number="152" hits="0"></line>
							</lines>
						</method>
						<method name="Delete" signature="" line-rate="0" branch-rate="0" complexity="0" line-count="0" line-hits="0">
							<lines>
								<line number="163" hits="0"></line>
								<line number="164" hits="0"></line>
								<line number="165" hits="0"></line>
								<line number="166" hits="0"></line>
								<line number="168" hits="0"></line>
								<line number="170" hits="0"></line>
							</lines>
						</method>
					</methods>
					<lines>
						<line number="20" hits="0"></line>
						<line number="21" hits="0"></line>
						<line number="22" hits="0"></line>
						<line number="23" hits="0"></line>
						<line number="24" hits="0"></line>
						<line number="35" hits="0"></line>
						<line number="36" hits="0"></line>
						<line number="37" hits="0"></line>
						<line number="38" hits="0"></line>
						<line number="39" hits="0"></line>
						<line number="41" hits="0"></line>
						<line number="44" hits="0"></line>
						<line number="46" hits="0"></line>
						<line number="57" hits="0"></line>
						<line number="58" hits="0"></line>
						<line number="59" hits="0"></line>
						<line number="60" hits="0"></line>
						<line number="61" hits="0"></line>
						<line number="63" hits="0"></line>
						<line number="65" hits="0"></line>
						<line number="81" hits="0"></line>
						<line number="82" hits="0"></line>
						<line number="83" hits="0"></line>
						<line number="84" hits="0"></line>
						<line number="85" hits="0"></line>
						<line number="86" hits="0"></line>
						<line number="89" hits="0"></line>
						<line number="90" hits="0"></line>
						<line number="93" hits="0"></line>
						<line number="94" hits="0"></line>
						<line number="97" hits="0"></line>
						<line number="98" hits="0"></line>
						<line number="101" hits="0"></line>
						<line number="102" hits="0"></line>
						<line number="105" hits="0"></line>
						<line number="106" hits="0"></line>
						<line number="109" hits="0"></line>
						<line number="110" hits="0"></line>
						<line number="111" hits="0"></line>
						<line number="112" hits="0"></line>
						<line number="113" hits="0"></line>
						<line number="114" hits="0"></line>
						<line number="115" hits="0"></line>
						<line number="117" hits="0"></line>
						<line number="118" hits="0"></line>
						<line number="122" hits="0"></line>
						<line number="123" hits="0"></line>
						<line number="124" hits="0"></line>
						<line number="126" hits="0"></line>
						<line number="128" hits="0"></line>
						<line number="140" hits="0"></line>
						<line number="141" hits="0"></line>
						<line number="142" hits="0"></line>
						<line number="143" hits="0"></line>
						<line number="144" hits="0"></line>
						<line number="145" hits="0"></line>
						<line number="147" hits="0"></line>
						<line number="150" hits="0"></line>
						<line number="152" hits="0"></line>
						<line number="163" hits="0"></line>
						<line number="164" hits="0"></line>
						<line number="165" hits="0"></line>
						<line number="166" hits="0"></line>
						<line number="168" hits="0"></line>
						<line number="170" hits="0"></line>
					</lines>
				</class>
				<class name="BancoController" filename="controllers/banco.go" line-rate="0" branch-rate="0" complexity="0" line-count="65" line-hits="0">
					<methods>
						<method name="URLMapping" signature="" line-rate="0" branch-rate="0" complexity="0" line-count="0" line-hits="0">
							<lines>
								<line number="20" hits="0"></line>
								<line number="21" hits="0"></line>
								<line number="22" hits="0"></line>
								<line number="23" hits="0"></line>
								<line number="24" hits="0"></line>
							</lines>
						</method>
						<method name="Post" signature="" line-rate="0" branch-rate="0" complexity="0" line-count="0" line-hits="0">
							<lines>
								<line number="35" hits="0"></line>
								<line number="36" hits="0"></line>
								<line number="37" hits="0"></line>
								<line number="38" hits="0"></line>
								<line number="39" hits="0"></line>
								<line number="41" hits="0"></line>
								<line number="44" hits="0"></line>
								<line number="46" hits="0"></line>
							</lines>
						</method>
						<method name="GetOne" signature="" line-rate="0" branch-rate="0" complexity="0" line-count="0" line-hits="0">
							<lines>
								<line number="57" hits="0"></line>
								<line number="58" hits="0"></line>
								<line number="59" hits="0"></line>
								<line number="60" hits="0"></line>
								<line number="61" hits="0"></line>
								<line number="63" hits="0"></line>
								<line number="65" hits="0"></line>
							</lines>
						</method>
						<method name="GetAll" signature="" line-rate="0" branch-rate="0" complexity="0" line-count="0" line-hits="0">
							<lines>
								<line number="81" hits="0"></line>
								<line number="82" hits="0"></line>
								<line number="83" hits="0"></line>
								<line number="84" hits="0"></line>
								<line number="85" hits="0"></line>
								<line number="86" hits="0"></line>
								<line number="89" hits="0"></line>
								<line number="90" hits="0"></line>
								<line number="93" hits="0"></line>
								<line number="94" hits="0"></line>
								<line number="97" hits="0"></line>
								<line number="98" hits="0"></line>
								<line number="101" hits="0"></line>
								<line number="102" hits="0"></line>
								<line number="105" hits="0"></line>
								<line number="106" hits="0"></line>
								<line number="109" hits="0"></line>
								<line number="110" hits="0"></line>
								<line number="111" hits="0"></line>
								<line number="112" hits="0"></line>
								<line number="113" hits="0"></line>
								<line number="114" hits="0"></line>
								<line number="115" hits="0"></line>
								<line number="117" hits="0"></line>
								<line number="118" hits="0"></line>
								<line number="122" hits="0"></line>
								<line number="123" hits="0"></line>
								<line number="124" hits="0"></line>
								<line number="126" hits="0"></line>
								<line number="128" hits="0"></line>
							</lines>
						</method>
						<method name="Put" signature="" line-rate="0" branch-rate="0" complexity="0" line-count="0" line-hits="0">
							<lines>
								<line number="140" hits="0"></line>
								<line number="141" hits="0"></line>
								<line number="142" hits="0"></line>
								<line number="143" hits="0"></line>
								<line number="144" hits="0"></line>
								<line number="145" hits="0"></line>
								<line number="147" hits="0"></line>
								<line number="150" hits="0"></line>
								<line number="152" hits="0"></line>
							</lines>
						</method>
						<method name="Delete" signature="" line-rate="0" branch-rate="0" complexity="0" line-count="0" line-hits="0">
							<lines>
								<line number="163" hits="0"></line>
								<line number="164" hits="0"></line>
								<line number="165" hits="0"></line>
								<line number="166" hits="0"></line>
								<line number="168" hits="0"></line>
								<line number="170" hits="0"></line>
							</lines>
						</method>
					</methods>
					<lines>
						<line number="20" hits="0"></line>
						<line number="21" hits="0"></line>
						<line number="22" hits="0"></line>
						<line number="23" hits="0"></line>
						<line number="24" hits="0"></line>
						<line number="35" hits="0"></line>
						<line number="36" hits="0"></line>
						<line number="37" hits="0"></line>
						<line number="38" hits="0"></line>
						<line number="39" hits="0"></line>
						<line number="41" hits="0"></line>
						<line number="44" hits="0"></line>
						<line number="46" hits="0"></line>
						<line number="57" hits="0"></line>
						<line number="58" hits="0"></line>
						<line number="59" hits="0"></line>
						<line number="60" hits="0"></line>
						<line number="61" hits="0"></line>
						<line number="63" hits="0"></line>
						<line number="65" hits="0"></line>
						<line number="81" hits="0"></line>
						<line number="82" hits="0"></line>
						<line number="83" hits="0"></line>
						<line number="84" hits="0"></line>
						<line number="85" hits="0"></line>
						<line number="86" hits="0"></line>
						<line number="89" hits="0"></line>
						<line number="90" hits="0"></line>
						<line number="93" hits="0"></line>
						<line number="94" hits="0"></line>
						<line number="97" hits="0"></line>
						<line number="98" hits="0"></line>
						<line number="101" hits="0"></line>
						<line number="102" hits="0"></line>
						<line number="105" hits="0"></line>
						<line number="106" hits="0"></line>
						<line number="109" hits="0"></line>
						<line number="110" hits="0"></line>
						<line number="111" hits="0"></line>
						<line number="112" hits="0"></line>
						<line number="113" hits="0"></line>
						<line number="114" hits="0"></line>
						<line number="115" hits="0"></line>
						<line number="117" hits="0"></line>
						<line number="118" hits="0"></line>
						<line number="122" hits="0"></line>
						<line number="123" hits="0"></line>
						<line number="124" hits="0"></line>
						<line number="126" hits="0"></line>
						<line number="128" hits="0"></line>
						<line number="140" hits="0"></line>
						<line number="141" hits="0"></line>
						<line number="142" hits="0"></line>
						<line number="143" hits="0"></line>
						<line number="144" hits="0"></line>
						<line number="145" hits="0"></line>
						<line number="147" hits="0"></line>
						<line number="150" hits="0"></line>
						<line number="152" hits="0"></line>
						<line number="163" hits="0"></line>
						<line number="164" hits="0"></line>
						<line number="165" hits="0"></line>
						<line number="166" hits="0"></line>
						<line number="168" hits="0"></line>
						<line number="170" hits="0"></line>
					</lines>
				</class>
				<class name="EstadoConceptoNominaController" filename="controllers/estado_concepto_nomina.go" line-rate="0" branch-rate="0" complexity="0" line-count="65" line-hits="0">
					<methods>
						<method name="URLMapping" signature="" line-rate="0" branch-rate="0" complexity="0" line-count="0" line-hits="0">
							<lines>
								<line number="20" hits="0"></line>
								<line number="21" hits="0"></line>
								<line number="22" hits="0"></line>
								<line number="23" hits="0"></line>
								<line number="24" hits="0"></line>
							</lines>
						</method>
						<method name="Post" signature="" line-rate="0" branch-rate="0" complexity="0" line-count="0" line-hits="0">
							<lines>
								<line number="35" hits="0"></line>
								<line number="36" hits="0"></line>
								<line number="37" hits="0"></line>
								<line number="38" hits="0"></line>
								<line number="39" hits="0"></line>
								<line number="41" hits="0"></line>
								<line number="44" hits="0"></line>
								<line number="46" hits="0"></line>
							</lines>
						</method>
						<method name="GetOne" signature="" line-rate="0" branch-rate="0" complexity="0" line-count="0" line-hits="0">
							<lines>
								<line number="57" hits="0"></line>
								<line number="58" hits="0"></line>
								<line number="59" hits="0"></line>
								<line number="60" hits="0"></line>
								<line number="61" hits="0"></line>
								<line number="63" hits="0"></line>
								<line number="65" hits="0"></line>
							</lines>
						</method>
						<method name="GetAll" signature="" line-rate="0" branch-rate="0" complexity="0" line-count="0" line-hits="0">
							<lines>
								<line number="81" hits="0"></line>
								<line number="82" hits="0"></line>
								<line number="83" hits="0"></line>
								<line number="84" hits="0"></line>
								<line number="85" hits="0"></line>
								<line number="86" hits="0"></line>
								<line number="89" hits="0"></line>
								<line number="90" hits="0"></line>
								<line number="93" hits="0"></line>
								<line number="94" hits="0"></line>
								<line number="97" hits="0"></line>
								<line number="98" hits="0"></line>
								<line number="101" hits="0"></line>
								<line number="102" hits="0"></line>
								<line number="105" hits="0"></line>
								<line number="106" hits="0"></line>
								<line number="109" hits="0"></line>
								<line number="110" hits="0"></line>
								<line number="111" hits="0"></line>
								<line number="112" hits="0"></line>
								<line number="113" hits="0"></line>
								<line number="114" hits="0"></line>
								<line number="115" hits="0"></line>
								<line number="117" hits="0"></line>
								<line number="118" hits="0"></line>
								<line number="122" hits="0"></line>
								<line number="123" hits="0"></line>
								<line number="124" hits="0"></line>
								<line number="126" hits="0"></line>
								<line number="128" hits="0"></line>
							</lines>
						</method>
						<method name="Put" signature="" line-rate="0" branch-rate="0" complexity="0" line-count="0" line-hits="0">
							<lines>
								<line number="140" hits="0"></line>
								<line number="141" hits="0"></line>
								<line number="142" hits="0"></line>
								<line number="143" hits="0"></line>
								<line number="144" hits="0"></line>
								<line number="145" hits="0"></line>
								<line number="147" hits="0"></line>
								<line number="150" hits="0"></line>
								<line number="152" hits="0"></line>
							</lines>
						</method>
						<method name="Delete" signature="" line-rate="0" branch-rate="0" complexity="0" line-count="0" line-hits="0">
							<lines>
								<line number="163" hits="0"></line>
								<line number="164" hits="0"></line>
								<line number="165" hits="0"></line>
								<line number="166" hits="0"></line>
								<line number="168" hits="0"></line>
								<line number="170" hits="0"></line>
							</lines>
						</method>
					</methods>
					<lines>
						<line number="20" hits="0"></line>
						<line number="21" hits="0"></line>
						<line number="22" hits="0"></line>
						<line number="23" hits="0"></line>
						<line number="24" hits="0"></line>
						<line number="35" hits="0"></line>
						<line number="36" hits="0"></line>
						<line number="37" hits="0"></line>
						<line number="38" hits="0"></line>
						<line number="39" hits="0"></line>
						<line number="41" hits="0"></line>
						<line number="44" hits="0"></line>
						<line number="46" hits="0"></line>
						<line number="57" hits="0"></line>
						<line number="58" hits="0"></line>
						<line number="59" hits="0"></line>
						<line number="60" hits="0"></line>
						<line number="61" hits="0"></line>
						<line number="63" hits="0"></line>
						<line number="65" hits="0"></line>
						<line number="81" hits="0"></line>
						<line number="82" hits="0"></line>
						<line number="83" hits="0"></line>
						<line number="84" hits="0"></line>
						<line number="85" hits="0"></line>
						<line number="86" hits="0"></line>
						<line number="89" hits="0"></line>
						<line number="90" hits="0"></line>
						<line number="93" hits="0"></line>
						<line number="94" hits="0"></line>
						<line number="97" hits="0"></line>
						<line number="98" hits="0"></line>
						<line number="101" hits="0"></line>
						<line number="102" hits="0"></line>
						<line number="105" hits="0"></line>
						<line number="106" hits="0"></line>
						<line number="109" hits="0"></line>
						<line number="110" hits="0"></line>
						<line number="111" hits="0"></line>
						<line number="112" hits="0"></line>
						<line number="113" hits="0"></line>
						<line number="114" hits="0"></line>
						<line number="115" hits="0"></line>
						<line number="117" hits="0"></line>
						<line number="118" hits="0"></line>
						<line number="122" hits="0"></line>
						<line number="123" hits="0"></line>
						<line number="124" hits="0"></line>
						<line number="126" hits="0"></line>
						<line number="128" hits="0"></line>
						<line number="140" hits="0"></line>
						<line number="141" hits="0"></line>
						<line number="142" hits="0"></line>
						<line number="143" hits="0"></line>
						<line number="144" hits="0"></line>
						<line number="145" hits="0"></line>
						<line number="147" hits="0"></line>
						<line number="150" hits="0"></line>
						<line number="152" hits="0"></line>
						<line number="163" hits="0"></line>
						<line number="164" hits="0"></line>
						<line number="165" hits="0"></line>
						<line number="166" hits="0"></line>
						<line number="168" hits="0"></line>
						<line number="170" hits="0"></line>
					</lines>
				</class>
				<class name="InformacionPensionadoController" filename="controllers/informacion_pensionado.go" line-rate="0" branch-rate="0" complexity="0" line-count="74" line-hits="0">
					<methods>
						<method name="URLMapping" signature="" line-rate="0" branch-rate="0" complexity="0" line-count="0" line-hits="0">
							<lines>
								<line number="20" hits="0"></line>
								<line number="21" hits="0"></line>
								<line number="22" hits="0"></line>
								<line number="23" hits="0"></line>
								<line number="24" hits="0"></line>
								<line number="25" hits="0"></line>
							</lines>
						</method>
						<method name="Pensionado_datos" signature="" line-rate="0" branch-rate="0" complexity="0" line-count="0" line-hits="0">
							<lines>
								<line number="29" hits="0"></line>
								<line number="30" hits="0"></line>
								<line number="31" hits="0"></line>
								<line number="32" hits="0"></line>
								<line number="33" hits="0"></line>
								<line number="35" hits="0"></line>
								<line number="36" hits="0"></line>
								<line number="38" hits="0"></line>
							</lines>
						</method>
						<method name="Post" signature="" line-rate="0" branch-rate="0" complexity="0" line-count="0" line-hits="0">
							<lines>
								<line number="42" hits="0"></line>
								<line number="43" hits="0"></line>
								<line number="44" hits="0"></line>
								<line number="45" hits="0"></line>
								<line number="46" hits="0"></line>
								<line number="48" hits="0"></line>
								<line number="51" hits="0"></line>
								<line number="53" hits="0"></line>
							</lines>
						</method>
						<method name="GetOne" signature="" line-rate="0" branch-rate="0" complexity="0" line-count="0" line-hits="0">
							<lines>
								<line number="64" hits="0"></line>
								<line number="65" hits="0"></line>
								<line number="66" hits="0"></line>
								<line number="67" hits="0"></line>
								<line number="68" hits="0"></line>
								<line number="70" hits="0"></line>
								<line number="72" hits="0"></line>
							</lines>
						</method>
						<method name="GetAll" signature="" line-rate="0" branch-rate="0" complexity="0" line-count="0" line-hits="0">
							<lines>
								<line number="88" hits="0"></line>
[...]
						<line number="93" hits="0"></line>
						<line number="94" hits="0"></line>
						<line number="97" hits="0"></line>
						<line number="98" hits="0"></line>
						<line number="101" hits="0"></line>
						<line number="102" hits="0"></line>
						<line number="105" hits="0"></line>
						<line number="106" hits="0"></line>
						<line number="109" hits="0"></line>
						<line number="110" hits="0"></line>
						<line number="111" hits="0"></line>
						<line number="112" hits="0"></line>
						<line number="113" hits="0"></line>
						<line number="114" hits="0"></line>
						<line number="115" hits="0"></line>
						<line number="117" hits="0"></line>
						<line number="118" hits="0"></line>
						<line number="122" hits="0"></line>
						<line number="123" hits="0"></line>
						<line number="124" hits="0"></line>
						<line number="126" hits="0"></line>
						<line number="128" hits="0"></line>
						<line number="140" hits="0"></line>
						<line number="141" hits="0"></line>
						<line number="142" hits="0"></line>
						<line number="143" hits="0"></line>
						<line number="144" hits="0"></line>
						<line number="145" hits="0"></line>
						<line number="147" hits="0"></line>
						<line number="150" hits="0"></line>
						<line number="152" hits="0"></line>
						<line number="163" hits="0"></line>
						<line number="164" hits="0"></line>
						<line number="165" hits="0"></line>
						<line number="166" hits="0"></line>
						<line number="168" hits="0"></line>
						<line number="170" hits="0"></line>
					</lines>
				</class>
			</classes>
		</package>
		<package name="github.com/udistrital/titan_api_crud/routers" line-rate="1" branch-rate="0" complexity="0" line-count="200" line-hits="200">
			<classes>
				<class name="-" filename="routers/commentsRouter_controllers.go" line-rate="1" branch-rate="0" complexity="0" line-count="198" line-hits="198">
					<methods>
						<method name="init" signature="" line-rate="1" branch-rate="0" complexity="0" line-count="0" line-hits="0">
							<lines>
								<line number="10" hits="1"></line>
								<line number="18" hits="1"></line>
								<line number="26" hits="1"></line>
								<line number="34" hits="1"></line>
								<line number="42" hits="1"></line>
								<line number="50" hits="1"></line>
								<line number="58" hits="1"></line>
								<line number="66" hits="1"></line>
								<line number="74" hits="1"></line>
								<line number="82" hits="1"></line>
								<line number="90" hits="1"></line>
								<line number="98" hits="1"></line>
								<line number="106" hits="1"></line>
								<line number="114" hits="1"></line>
								<line number="122" hits="1"></line>
								<line number="130" hits="1"></line>
								<line number="138" hits="1"></line>
								<line number="146" hits="1"></line>
								<line number="154" hits="1"></line>
								<line number="162" hits="1"></line>
								<line number="170" hits="1"></line>
								<line number="178" hits="1"></line>
								<line number="186" hits="1"></line>
								<line number="194" hits="1"></line>
								<line number="202" hits="1"></line>
								<line number="210" hits="1"></line>
								<line number="218" hits="1"></line>
								<line number="226" hits="1"></line>
								<line number="234" hits="1"></line>
								<line number="242" hits="1"></line>
								<line number="250" hits="1"></line>
								<line number="258" hits="1"></line>
								<line number="266" hits="1"></line>
								<line number="274" hits="1"></line>
								<line number="282" hits="1"></line>
								<line number="290" hits="1"></line>
								<line number="298" hits="1"></line>
								<line number="306" hits="1"></line>
								<line number="314" hits="1"></line>
								<line number="322" hits="1"></line>
								<line number="330" hits="1"></line>
								<line number="338" hits="1"></line>
								<line number="346" hits="1"></line>
								<line number="354" hits="1"></line>
								<line number="362" hits="1"></line>
								<line number="370" hits="1"></line>
								<line number="378" hits="1"></line>
								<line number="386" hits="1"></line>
								<line number="394" hits="1"></line>
								<line number="402" hits="1"></line>
								<line number="410" hits="1"></line>
								<line number="418" hits="1"></line>
								<line number="426" hits="1"></line>
								<line number="434" hits="1"></line>
								<line number="442" hits="1"></line>
								<line number="450" hits="1"></line>
								<line number="458" hits="1"></line>
								<line number="466" hits="1"></line>
								<line number="474" hits="1"></line>
								<line number="482" hits="1"></line>
								<line number="490" hits="1"></line>
								<line number="498" hits="1"></line>
								<line number="506" hits="1"></line>
								<line number="514" hits="1"></line>
								<line number="522" hits="1"></line>
								<line number="530" hits="1"></line>
								<line number="538" hits="1"></line>
								<line number="546" hits="1"></line>
								<line number="554" hits="1"></line>
								<line number="562" hits="1"></line>
								<line number="570" hits="1"></line>
								<line number="578" hits="1"></line>
								<line number="586" hits="1"></line>
								<line number="594" hits="1"></line>
								<line number="602" hits="1"></line>
								<line number="610" hits="1"></line>
								<line number="618" hits="1"></line>
								<line number="626" hits="1"></line>
								<line number="634" hits="1"></line>
								<line number="642" hits="1"></line>
								<line number="650" hits="1"></line>
								<line number="658" hits="1"></line>
								<line number="666" hits="1"></line>
								<line number="674" hits="1"></line>
								<line number="682" hits="1"></line>
								<line number="690" hits="1"></line>
								<line number="698" hits="1"></line>
								<line number="706" hits="1"></line>
								<line number="714" hits="1"></line>
								<line number="722" hits="1"></line>
								<line number="730" hits="1"></line>
								<line number="738" hits="1"></line>
								<line number="746" hits="1"></line>
								<line number="754" hits="1"></line>
								<line number="762" hits="1"></line>
								<line number="770" hits="1"></line>
								<line number="778" hits="1"></line>
								<line number="786" hits="1"></line>
								<line number="794" hits="1"></line>
								<line number="802" hits="1"></line>
								<line number="810" hits="1"></line>
								<line number="818" hits="1"></line>
								<line number="826" hits="1"></line>
								<line number="834" hits="1"></line>
								<line number="842" hits="1"></line>
								<line number="850" hits="1"></line>
								<line number="858" hits="1"></line>
								<line number="866" hits="1"></line>
								<line number="874" hits="1"></line>
								<line number="882" hits="1"></line>
								<line number="890" hits="1"></line>
								<line number="898" hits="1"></line>
								<line number="906" hits="1"></line>
								<line number="914" hits="1"></line>
								<line number="922" hits="1"></line>
								<line number="930" hits="1"></line>
								<line number="938" hits="1"></line>
								<line number="946" hits="1"></line>
								<line number="954" hits="1"></line>
								<line number="962" hits="1"></line>
								<line number="970" hits="1"></line>
								<line number="978" hits="1"></line>
								<line number="986" hits="1"></line>
								<line number="994" hits="1"></line>
								<line number="1002" hits="1"></line>
								<line number="1010" hits="1"></line>
								<line number="1018" hits="1"></line>
								<line number="1026" hits="1"></line>
								<line number="1034" hits="1"></line>
								<line number="1042" hits="1"></line>
								<line number="1050" hits="1"></line>
								<line number="1058" hits="1"></line>
								<line number="1066" hits="1"></line>
								<line number="1074" hits="1"></line>
								<line number="1082" hits="1"></line>
								<line number="1090" hits="1"></line>
								<line number="1098" hits="1"></line>
								<line number="1106" hits="1"></line>
								<line number="1114" hits="1"></line>
								<line number="1122" hits="1"></line>
								<line number="1130" hits="1"></line>
								<line number="1138" hits="1"></line>
								<line number="1146" hits="1"></line>
								<line number="1154" hits="1"></line>
								<line number="1162" hits="1"></line>
								<line number="1170" hits="1"></line>
								<line number="1178" hits="1"></line>
								<line number="1186" hits="1"></line>
								<line number="1194" hits="1"></line>
								<line number="1202" hits="1"></line>
								<line number="1210" hits="1"></line>
								<line number="1218" hits="1"></line>
								<line number="1226" hits="1"></line>
								<line number="1234" hits="1"></line>
								<line number="1242" hits="1"></line>
								<line number="1250" hits="1"></line>
								<line number="1258" hits="1"></line>
								<line number="1266" hits="1"></line>
								<line number="1274" hits="1"></line>
								<line number="1282" hits="1"></line>
								<line number="1290" hits="1"></line>
								<line number="1298" hits="1"></line>
								<line number="1306" hits="1"></line>
								<line number="1314" hits="1"></line>
								<line number="1322" hits="1"></line>
								<line number="1330" hits="1"></line>
								<line number="1338" hits="1"></line>
								<line number="1346" hits="1"></line>
								<line number="1354" hits="1"></line>
								<line number="1362" hits="1"></line>
								<line number="1370" hits="1"></line>
								<line number="1378" hits="1"></line>
								<line number="1386" hits="1"></line>
								<line number="1394" hits="1"></line>
								<line number="1402" hits="1"></line>
								<line number="1410" hits="1"></line>
								<line number="1418" hits="1"></line>
								<line number="1426" hits="1"></line>
								<line number="1434" hits="1"></line>
								<line number="1442" hits="1"></line>
								<line number="1450" hits="1"></line>
								<line number="1458" hits="1"></line>
								<line number="1466" hits="1"></line>
								<line number="1474" hits="1"></line>
								<line number="1482" hits="1"></line>
								<line number="1490" hits="1"></line>
								<line number="1498" hits="1"></line>
								<line number="1506" hits="1"></line>
								<line number="1514" hits="1"></line>
								<line number="1522" hits="1"></line>
								<line number="1530" hits="1"></line>
								<line number="1538" hits="1"></line>
								<line number="1546" hits="1"></line>
								<line number="1554" hits="1"></line>
								<line number="1562" hits="1"></line>
								<line number="1570" hits="1"></line>
								<line number="1578" hits="1"></line>
								<line number="1586" hits="1"></line>
							</lines>
						</method>
					</methods>
					<lines>
						<line number="10" hits="1"></line>
						<line number="18" hits="1"></line>
						<line number="26" hits="1"></line>
						<line number="34" hits="1"></line>
						<line number="42" hits="1"></line>
						<line number="50" hits="1"></line>
						<line number="58" hits="1"></line>
						<line number="66" hits="1"></line>
						<line number="74" hits="1"></line>
						<line number="82" hits="1"></line>
						<line number="90" hits="1"></line>
						<line number="98" hits="1"></line>
						<line number="106" hits="1"></line>
						<line number="114" hits="1"></line>
						<line number="122" hits="1"></line>
						<line number="130" hits="1"></line>
						<line number="138" hits="1"></line>
						<line number="146" hits="1"></line>
						<line number="154" hits="1"></line>
						<line number="162" hits="1"></line>
						<line number="170" hits="1"></line>
						<line number="178" hits="1"></line>
						<line number="186" hits="1"></line>
						<line number="194" hits="1"></line>
						<line number="202" hits="1"></line>
						<line number="210" hits="1"></line>
						<line number="218" hits="1"></line>
						<line number="226" hits="1"></line>
						<line number="234" hits="1"></line>
						<line number="242" hits="1"></line>
						<line number="250" hits="1"></line>
						<line number="258" hits="1"></line>
						<line number="266" hits="1"></line>
						<line number="274" hits="1"></line>
						<line number="282" hits="1"></line>
						<line number="290" hits="1"></line>
						<line number="298" hits="1"></line>
						<line number="306" hits="1"></line>
						<line number="314" hits="1"></line>
						<line number="322" hits="1"></line>
						<line number="330" hits="1"></line>
						<line number="338" hits="1"></line>
						<line number="346" hits="1"></line>
						<line number="354" hits="1"></line>
						<line number="362" hits="1"></line>
						<line number="370" hits="1"></line>
						<line number="378" hits="1"></line>
						<line number="386" hits="1"></line>
						<line number="394" hits="1"></line>
						<line number="402" hits="1"></line>
						<line number="410" hits="1"></line>
						<line number="418" hits="1"></line>
						<line number="426" hits="1"></line>
						<line number="434" hits="1"></line>
						<line number="442" hits="1"></line>
						<line number="450" hits="1"></line>
						<line number="458" hits="1"></line>
						<line number="466" hits="1"></line>
						<line number="474" hits="1"></line>
						<line number="482" hits="1"></line>
						<line number="490" hits="1"></line>
						<line number="498" hits="1"></line>
						<line number="506" hits="1"></line>
						<line number="514" hits="1"></line>
						<line number="522" hits="1"></line>
						<line number="530" hits="1"></line>
						<line number="538" hits="1"></line>
						<line number="546" hits="1"></line>
						<line number="554" hits="1"></line>
						<line number="562" hits="1"></line>
						<line number="570" hits="1"></line>
						<line number="578" hits="1"></line>
						<line number="586" hits="1"></line>
						<line number="594" hits="1"></line>
						<line number="602" hits="1"></line>
						<line number="610" hits="1"></line>
						<line number="618" hits="1"></line>
						<line number="626" hits="1"></line>
						<line number="634" hits="1"></line>
						<line number="642" hits="1"></line>
						<line number="650" hits="1"></line>
						<line number="658" hits="1"></line>
						<line number="666" hits="1"></line>
						<line number="674" hits="1"></line>
						<line number="682" hits="1"></line>
						<line number="690" hits="1"></line>
						<line number="698" hits="1"></line>
						<line number="706" hits="1"></line>
						<line number="714" hits="1"></line>
						<line number="722" hits="1"></line>
						<line number="730" hits="1"></line>
						<line number="738" hits="1"></line>
						<line number="746" hits="1"></line>
						<line number="754" hits="1"></line>
						<line number="762" hits="1"></line>
						<line number="770" hits="1"></line>
						<line number="778" hits="1"></line>
						<line number="786" hits="1"></line>
						<line number="794" hits="1"></line>
						<line number="802" hits="1"></line>
						<line number="810" hits="1"></line>
						<line number="818" hits="1"></line>
						<line number="826" hits="1"></line>
						<line number="834" hits="1"></line>
						<line number="842" hits="1"></line>
						<line number="850" hits="1"></line>
						<line number="858" hits="1"></line>
						<line number="866" hits="1"></line>
						<line number="874" hits="1"></line>
						<line number="882" hits="1"></line>
						<line number="890" hits="1"></line>
						<line number="898" hits="1"></line>
						<line number="906" hits="1"></line>
						<line number="914" hits="1"></line>
						<line number="922" hits="1"></line>
						<line number="930" hits="1"></line>
						<line number="938" hits="1"></line>
						<line number="946" hits="1"></line>
						<line number="954" hits="1"></line>
						<line number="962" hits="1"></line>
						<line number="970" hits="1"></line>
						<line number="978" hits="1"></line>
						<line number="986" hits="1"></line>
						<line number="994" hits="1"></line>
						<line number="1002" hits="1"></line>
						<line number="1010" hits="1"></line>
						<line number="1018" hits="1"></line>
						<line number="1026" hits="1"></line>
						<line number="1034" hits="1"></line>
						<line number="1042" hits="1"></line>
						<line number="1050" hits="1"></line>
						<line number="1058" hits="1"></line>
						<line number="1066" hits="1"></line>
						<line number="1074" hits="1"></line>
						<line number="1082" hits="1"></line>
						<line number="1090" hits="1"></line>
						<line number="1098" hits="1"></line>
						<line number="1106" hits="1"></line>
						<line number="1114" hits="1"></line>
						<line number="1122" hits="1"></line>
						<line number="1130" hits="1"></line>
						<line number="1138" hits="1"></line>
						<line number="1146" hits="1"></line>
						<line number="1154" hits="1"></line>
						<line number="1162" hits="1"></line>
						<line number="1170" hits="1"></line>
						<line number="1178" hits="1"></line>
						<line number="1186" hits="1"></line>
						<line number="1194" hits="1"></line>
						<line number="1202" hits="1"></line>
						<line number="1210" hits="1"></line>
						<line number="1218" hits="1"></line>
						<line number="1226" hits="1"></line>
						<line number="1234" hits="1"></line>
						<line number="1242" hits="1"></line>
						<line number="1250" hits="1"></line>
						<line number="1258" hits="1"></line>
						<line number="1266" hits="1"></line>
						<line number="1274" hits="1"></line>
						<line number="1282" hits="1"></line>
						<line number="1290" hits="1"></line>
						<line number="1298" hits="1"></line>
						<line number="1306" hits="1"></line>
						<line number="1314" hits="1"></line>
						<line number="1322" hits="1"></line>
						<line number="1330" hits="1"></line>
						<line number="1338" hits="1"></line>
						<line number="1346" hits="1"></line>
						<line number="1354" hits="1"></line>
						<line number="1362" hits="1"></line>
						<line number="1370" hits="1"></line>
						<line number="1378" hits="1"></line>
						<line number="1386" hits="1"></line>
						<line number="1394" hits="1"></line>
						<line number="1402" hits="1"></line>
						<line number="1410" hits="1"></line>
						<line number="1418" hits="1"></line>
						<line number="1426" hits="1"></line>
						<line number="1434" hits="1"></line>
						<line number="1442" hits="1"></line>
						<line number="1450" hits="1"></line>
						<line number="1458" hits="1"></line>
						<line number="1466" hits="1"></line>
						<line number="1474" hits="1"></line>
						<line number="1482" hits="1"></line>
						<line number="1490" hits="1"></line>
						<line number="1498" hits="1"></line>
						<line number="1506" hits="1"></line>
						<line number="1514" hits="1"></line>
						<line number="1522" hits="1"></line>
						<line number="1530" hits="1"></line>
						<line number="1538" hits="1"></line>
						<line number="1546" hits="1"></line>
						<line number="1554" hits="1"></line>
						<line number="1562" hits="1"></line>
						<line number="1570" hits="1"></line>
						<line number="1578" hits="1"></line>
						<line number="1586" hits="1"></line>
					</lines>
				</class>
				<class name="-" filename="routers/router.go" line-rate="1" branch-rate="0" complexity="0" line-count="2" line-hits="2">
					<methods>
						<method name="init" signature="" line-rate="1" branch-rate="0" complexity="0" line-count="0" line-hits="0">
							<lines>
								<line number="17" hits="1"></line>
								<line number="272" hits="1"></line>
							</lines>
						</method>
					</methods>
					<lines>
						<line number="17" hits="1"></line>
						<line number="272" hits="1"></line>
					</lines>
				</class>
			</classes>
		</package>
	</packages>
	<sources>
		<source>/home/sistemasoas/go/src/github.com/udistrital/titan_api_crud</source>
	</sources>
</coverage>
